<?xml version="1.0" encoding="UTF-8"?>
<!-- Generated by org.testng.reporters.JUnitXMLReporter -->
<testsuite ignored="1" hostname="Ashish" failures="1" tests="1" name="RegressionTests" time="0.029" errors="0" timestamp="2025-08-20T16:24:54 IST">
  <testcase classname="day_3.ecommerce" name="testSearch" time="0.019">
    <failure type="java.lang.NullPointerException" message="Cannot invoke &amp;quot;org.openqa.selenium.WebDriver.findElement(org.openqa.selenium.By)&amp;quot; because &amp;quot;this.driver&amp;quot; is null">
      <![CDATA[java.lang.NullPointerException: Cannot invoke "org.openqa.selenium.WebDriver.findElement(org.openqa.selenium.By)" because "this.driver" is null
at day_3.ecommerce.testSearch(ecommerce.java:29)
at java.base/java.util.ArrayList.forEach(ArrayList.java:1511)
... Removed 27 stack frames]]>
    </failure>
  </testcase> <!-- testSearch -->
  <testcase classname="day_3.ecommerce" name="testTitle" time="0.0">
    <ignored/>
  </testcase> <!-- testTitle -->
</testsuite> <!-- RegressionTests -->
