<?xml version="1.0" encoding="UTF-8"?>
<!-- Generated by org.testng.reporters.JUnitXMLReporter -->
<testsuite ignored="2" hostname="Ashish" failures="0" tests="1" name="SanityTests" time="0.016" errors="0" timestamp="2025-08-20T15:44:28 IST">
  <testcase classname="day_3.ecommerce" name="testCart" time="0.001"/>
  <testcase classname="day_3.ecommerce" name="testTitle" time="0.0">
    <ignored/>
  </testcase> <!-- testTitle -->
  <testcase classname="day_3.ecommerce" name="testSearch" time="0.0">
    <ignored/>
  </testcase> <!-- testSearch -->
</testsuite> <!-- SanityTests -->
