<?xml version="1.0" encoding="UTF-8"?>
<!-- Generated by org.testng.reporters.JUnitXMLReporter -->
<testsuite ignored="0" hostname="Ashish" failures="0" tests="3" name="EcommerceTests" time="17.854" errors="0" timestamp="2025-08-20T15:21:05 IST">
  <testcase classname="day_3.ecommerce" name="testCart" time="0.014"/>
  <testcase classname="day_3.ecommerce" name="testSearch" time="6.248"/>
  <testcase classname="day_3.ecommerce" name="testTitle" time="0.037"/>
</testsuite> <!-- EcommerceTests -->
