<?xml version="1.0" encoding="UTF-8"?>
<testng-results ignored="0" total="3" passed="3" failed="0" skipped="0">
  <reporter-output>
  </reporter-output>
  <suite started-at="2025-08-23T11:20:16 IST" name="Default suite" finished-at="2025-08-23T11:20:17 IST" duration-ms="375">
    <groups>
    </groups>
    <test started-at="2025-08-23T11:20:16 IST" name="Default test" finished-at="2025-08-23T11:20:17 IST" duration-ms="375">
      <class name="day_4.datap">
        <test-method signature="addNumbers(int,int,int)[pri:0, instance:day_4.datap@13c9d689]" started-at="2025-08-23T11:20:17 IST" name="addNumbers" data-provider="numbers" finished-at="2025-08-23T11:20:17 IST" duration-ms="61" status="PASS">
          <params>
            <param index="0">
              <value>
                <![CDATA[2]]>
              </value>
            </param>
            <param index="1">
              <value>
                <![CDATA[3]]>
              </value>
            </param>
            <param index="2">
              <value>
                <![CDATA[5]]>
              </value>
            </param>
          </params>
          <reporter-output>
          </reporter-output>
        </test-method> <!-- addNumbers -->
        <test-method signature="addNumbers(int,int,int)[pri:0, instance:day_4.datap@13c9d689]" started-at="2025-08-23T11:20:17 IST" name="addNumbers" data-provider="numbers" finished-at="2025-08-23T11:20:17 IST" duration-ms="3" status="PASS">
          <params>
            <param index="0">
              <value>
                <![CDATA[5]]>
              </value>
            </param>
            <param index="1">
              <value>
                <![CDATA[7]]>
              </value>
            </param>
            <param index="2">
              <value>
                <![CDATA[12]]>
              </value>
            </param>
          </params>
          <reporter-output>
          </reporter-output>
        </test-method> <!-- addNumbers -->
        <test-method signature="addNumbers(int,int,int)[pri:0, instance:day_4.datap@13c9d689]" started-at="2025-08-23T11:20:17 IST" name="addNumbers" data-provider="numbers" finished-at="2025-08-23T11:20:17 IST" duration-ms="12" status="PASS">
          <params>
            <param index="0">
              <value>
                <![CDATA[10]]>
              </value>
            </param>
            <param index="1">
              <value>
                <![CDATA[20]]>
              </value>
            </param>
            <param index="2">
              <value>
                <![CDATA[30]]>
              </value>
            </param>
          </params>
          <reporter-output>
          </reporter-output>
        </test-method> <!-- addNumbers -->
      </class> <!-- day_4.datap -->
    </test> <!-- Default test -->
  </suite> <!-- Default suite -->
</testng-results>
